[    0.000000] Initializing cgroup subsys cpuset
[    0.000000] Initializing cgroup subsys cpu
[    0.000000] Initializing cgroup subsys cpuacct
[    0.000000] Linux version 4.4.0-130-generic (buildd@lgw01-amd64-039) (gcc version 5.4.0 20160609 (Ubuntu 5.4.0-6ubuntu1~16.04.9) ) #156-Ubuntu SMP Thu Jun 14 08:53:28 UTC 2018 (Ubuntu 4.4.0-130.156-generic 4.4.134)
[    0.000000] Command line: BOOT_IMAGE=/boot/vmlinuz-4.4.0-130-generic root=UUID=2ee7d6fa-e656-40b5-89e5-042755616b92 ro console=tty1 console=ttyS0
[    0.000000] KERNEL supported cpus:
[    0.000000]   Intel GenuineIntel
[    0.000000]   AMD AuthenticAMD
[    0.000000]   Centaur CentaurHauls
[    0.000000] x86/fpu: xstate_offset[2]:  576, xstate_sizes[2]:  256
[    0.000000] x86/fpu: Supporting XSAVE feature 0x01: 'x87 floating point registers'
[    0.000000] x86/fpu: Supporting XSAVE feature 0x02: 'SSE registers'
[    0.000000] x86/fpu: Supporting XSAVE feature 0x04: 'AVX registers'
[    0.000000] x86/fpu: Enabled xstate features 0x7, context size is 832 bytes, using 'standard' format.
[    0.000000] x86/fpu: Using 'eager' FPU context switches
[    0.000000] e820: BIOS-provided physical RAM map:
[    0.000000] BIOS-e820: [mem 0x0000000000000000-0x000000000009fbff] usable
[    0.000000] BIOS-e820: [mem 0x000000000009fc00-0x000000000009ffff] reserved
[    0.000000] BIOS-e820: [mem 0x00000000000f0000-0x00000000000fffff] reserved
[    0.000000] BIOS-e820: [mem 0x0000000000100000-0x000000003ffeffff] usable
[    0.000000] BIOS-e820: [mem 0x000000003fff0000-0x000000003fffffff] ACPI data
[    0.000000] BIOS-e820: [mem 0x00000000fec00000-0x00000000fec00fff] reserved
[    0.000000] BIOS-e820: [mem 0x00000000fee00000-0x00000000fee00fff] reserved
[    0.000000] BIOS-e820: [mem 0x00000000fffc0000-0x00000000ffffffff] reserved
[    0.000000] NX (Execute Disable) protection: active
[    0.000000] SMBIOS 2.5 present.
[    0.000000] Hypervisor detected: KVM
[    0.000000] e820: last_pfn = 0x3fff0 max_arch_pfn = 0x400000000
[    0.000000] MTRR: Disabled
[    0.000000] x86/PAT: MTRRs disabled, skipping PAT initialization too.
[    0.000000] CPU MTRRs all blank - virtualized system.
[    0.000000] x86/PAT: Configuration [0-7]: WB  WT  UC- UC  WB  WT  UC- UC  
[    0.000000] found SMP MP-table at [mem 0x0009fff0-0x0009ffff] mapped at [ffff88000009fff0]
[    0.000000] Scanning 1 areas for low memory corruption
[    0.000000] RAMDISK: [mem 0x361f2000-0x370f0fff]
[    0.000000] ACPI: Early table checksum verification disabled
[    0.000000] ACPI: RSDP 0x00000000000E0000 000024 (v02 VBOX  )
[    0.000000] ACPI: XSDT 0x000000003FFF0030 00003C (v01 VBOX   VBOXXSDT 00000001 ASL  00000061)
[    0.000000] ACPI: FACP 0x000000003FFF00F0 0000F4 (v04 VBOX   VBOXFACP 00000001 ASL  00000061)
[    0.000000] ACPI: DSDT 0x000000003FFF0470 0021FF (v02 VBOX   VBOXBIOS 00000002 INTL 20100528)
[    0.000000] ACPI: FACS 0x000000003FFF0200 000040
[    0.000000] ACPI: FACS 0x000000003FFF0200 000040
[    0.000000] ACPI: APIC 0x000000003FFF0240 00005C (v02 VBOX   VBOXAPIC 00000001 ASL  00000061)
[    0.000000] ACPI: SSDT 0x000000003FFF02A0 0001CC (v01 VBOX   VBOXCPUT 00000002 INTL 20100528)
[    0.000000] No NUMA configuration found
[    0.000000] Faking a node at [mem 0x0000000000000000-0x000000003ffeffff]
[    0.000000] NODE_DATA(0) allocated [mem 0x3ffeb000-0x3ffeffff]
[    0.000000] kvm-clock: Using msrs 4b564d01 and 4b564d00
[    0.000000] kvm-clock: cpu 0, msr 0:3ffe3001, primary cpu clock
[    0.000000] kvm-clock: using sched offset of 3643848158 cycles
[    0.000000] clocksource: kvm-clock: mask: 0xffffffffffffffff max_cycles: 0x1cd42e4dffb, max_idle_ns: 881590591483 ns
[    0.000000] Zone ranges:
[    0.000000]   DMA      [mem 0x0000000000001000-0x0000000000ffffff]
[    0.000000]   DMA32    [mem 0x0000000001000000-0x000000003ffeffff]
[    0.000000]   Normal   empty
[    0.000000]   Device   empty
[    0.000000] Movable zone start for each node
[    0.000000] Early memory node ranges
[    0.000000]   node   0: [mem 0x0000000000001000-0x000000000009efff]
[    0.000000]   node   0: [mem 0x0000000000100000-0x000000003ffeffff]
[    0.000000] Initmem setup node 0 [mem 0x0000000000001000-0x000000003ffeffff]
[    0.000000] ACPI: PM-Timer IO Port: 0x4008
[    0.000000] IOAPIC[0]: apic_id 2, version 32, address 0xfec00000, GSI 0-23
[    0.000000] ACPI: INT_SRC_OVR (bus 0 bus_irq 0 global_irq 2 dfl dfl)
[    0.000000] ACPI: INT_SRC_OVR (bus 0 bus_irq 9 global_irq 9 high level)
[    0.000000] Using ACPI (MADT) for SMP configuration information
[    0.000000] smpboot: Allowing 2 CPUs, 0 hotplug CPUs
[    0.000000] PM: Registered nosave memory: [mem 0x00000000-0x00000fff]
[    0.000000] PM: Registered nosave memory: [mem 0x0009f000-0x0009ffff]
[    0.000000] PM: Registered nosave memory: [mem 0x000a0000-0x000effff]
[    0.000000] PM: Registered nosave memory: [mem 0x000f0000-0x000fffff]
[    0.000000] e820: [mem 0x40000000-0xfebfffff] available for PCI devices
[    0.000000] Booting paravirtualized kernel on KVM
[    0.000000] clocksource: refined-jiffies: mask: 0xffffffff max_cycles: 0xffffffff, max_idle_ns: 7645519600211568 ns
[    0.000000] setup_percpu: NR_CPUS:512 r_cpumask_bits:512 nr_cpu_ids:2 nr_node_ids:1
[    0.000000] PERCPU: Embedded 34 pages/cpu @ffff88003fc00000 s99544 r8192 d31528 u1048576
[    0.000000] PV qspinlock hash table entries: 256 (order: 0, 4096 bytes)
[    0.000000] Built 1 zonelists in Node order, mobility grouping on.  Total pages: 257912
[    0.000000] Policy zone: DMA32
[    0.000000] Kernel command line: BOOT_IMAGE=/boot/vmlinuz-4.4.0-130-generic root=UUID=2ee7d6fa-e656-40b5-89e5-042755616b92 ro console=tty1 console=ttyS0
[    0.000000] PID hash table entries: 4096 (order: 3, 32768 bytes)
[    0.000000] Memory: 997160K/1048120K available (8546K kernel code, 1313K rwdata, 4000K rodata, 1516K init, 1316K bss, 50960K reserved, 0K cma-reserved)
[    0.000000] SLUB: HWalign=64, Order=0-3, MinObjects=0, CPUs=2, Nodes=1
[    0.000000] Kernel/User page tables isolation: enabled
[    0.000000] Hierarchical RCU implementation.
[    0.000000] 	Build-time adjustment of leaf fanout to 64.
[    0.000000] 	RCU restricting CPUs from NR_CPUS=512 to nr_cpu_ids=2.
[    0.000000] RCU: Adjusting geometry for rcu_fanout_leaf=64, nr_cpu_ids=2
[    0.000000] NR_IRQS:33024 nr_irqs:440 16
[    0.000000] Console: colour VGA+ 80x25
[    0.000000] console [tty1] enabled
[    0.000000] console [ttyS0] enabled
[    0.000000] tsc: Detected 2400.000 MHz processor
[    4.217372] Calibrating delay loop (skipped) preset value.. 4800.00 BogoMIPS (lpj=9600000)
[    4.264683] pid_max: default: 32768 minimum: 301
[    4.348976] ACPI: Core revision 20150930
[    4.435954] ACPI: 2 ACPI AML tables successfully acquired and loaded
[    4.437405] Security Framework initialized
[    4.509949] Yama: becoming mindful.
[    4.533623] AppArmor: AppArmor initialized
[    4.535835] Dentry cache hash table entries: 131072 (order: 8, 1048576 bytes)
[    4.538741] Inode-cache hash table entries: 65536 (order: 7, 524288 bytes)
[    4.546226] Mount-cache hash table entries: 2048 (order: 2, 16384 bytes)
[    4.556807] Mountpoint-cache hash table entries: 2048 (order: 2, 16384 bytes)
[    4.559337] Initializing cgroup subsys io
[    4.560212] Initializing cgroup subsys memory
[    4.561096] Initializing cgroup subsys devices
[    4.561973] Initializing cgroup subsys freezer
[    4.562906] Initializing cgroup subsys net_cls
[    4.564880] Initializing cgroup subsys perf_event
[    4.570310] Initializing cgroup subsys net_prio
[    4.571228] Initializing cgroup subsys hugetlb
[    4.572187] Initializing cgroup subsys pids
[    4.573261] CPU: Physical Processor ID: 0
[    4.579730] CPU: Processor Core ID: 0
[    4.602923] mce: CPU supports 0 MCE banks
[    4.645766] Last level iTLB entries: 4KB 64, 2MB 8, 4MB 8
[    4.666736] Last level dTLB entries: 4KB 64, 2MB 0, 4MB 0, 1GB 4
[    4.724575] Spectre V2 : Mitigation: Full generic retpoline
[    4.729221] Spectre V2 : Speculation control IBPB not-supported IBRS not-supported
[    4.857551] Spectre V2 : Filling RSB on context switch
[    4.942903] Speculative Store Bypass: Vulnerable
[    4.991331] Freeing SMP alternatives memory: 32K
[    5.026159] ftrace: allocating 32245 entries in 126 pages
[    5.126806] smpboot: APIC(0) Converting physical 0 to logical package 0
[    5.189778] smpboot: Max logical packages: 1
[    5.210591] x2apic enabled
[    5.212762] Switched APIC routing to physical x2apic.
[    5.217702] ..TIMER: vector=0x30 apic1=0 pin1=2 apic2=-1 pin2=-1
[    5.331156] smpboot: CPU0: Intel(R) Core(TM) i5-6200U CPU @ 2.30GHz (family: 0x6, model: 0x4e, stepping: 0x3)
[    5.495339] Performance Events: unsupported p6 CPU model 78 no PMU driver, software events only.
[    5.590461] KVM setup paravirtual spinlock
[    5.631303] x86: Booting SMP configuration:
[    5.677339] .... node  #0, CPUs:      #1
[    5.736824] kvm-clock: cpu 1, msr 0:3ffe3041, secondary cpu clock
[    5.850294] mce: CPU supports 0 MCE banks
[    5.856773] x86: Booted up 1 node, 2 CPUs
[    5.926169] smpboot: Total of 2 processors activated (9600.00 BogoMIPS)
[    6.069872] devtmpfs: initialized
[    6.096174] evm: security.selinux
[    6.148922] evm: security.SMACK64
[    6.162120] evm: security.SMACK64EXEC
[    6.191666] evm: security.SMACK64TRANSMUTE
[    6.220080] evm: security.SMACK64MMAP
[    6.222139] evm: security.ima
[    6.222807] evm: security.capability
[    6.223863] clocksource: jiffies: mask: 0xffffffff max_cycles: 0xffffffff, max_idle_ns: 7645041785100000 ns
[    6.226698] futex hash table entries: 512 (order: 3, 32768 bytes)
[    6.230726] pinctrl core: initialized pinctrl subsystem
[    6.318603] RTC time:  1:42:46, date: 07/30/18
[    6.392836] NET: Registered protocol family 16
[    6.451976] cpuidle: using governor ladder
[    6.532634] cpuidle: using governor menu
[    6.547522] PCCT header not found.
[    6.554290] ACPI: bus type PCI registered
[    6.609741] acpiphp: ACPI Hot Plug PCI Controller Driver version: 0.5
[    6.624726] PCI: Using configuration type 1 for base access
[    6.653640] ACPI: Added _OSI(Module Device)
[    6.717466] ACPI: Added _OSI(Processor Device)
[    6.743937] ACPI: Added _OSI(3.0 _SCP Extensions)
[    6.787177] ACPI: Added _OSI(Processor Aggregator Device)
[    6.801342] ACPI: Executed 1 blocks of module-level executable AML code
[    6.868427] ACPI: Interpreter enabled
[    6.929908] ACPI: (supports S0 S5)
[    6.972439] ACPI: Using IOAPIC for interrupt routing
[    6.994523] PCI: Using host bridge windows from ACPI; if necessary, use "pci=nocrs" and report a bug
[    7.042476] ACPI: PCI Root Bridge [PCI0] (domain 0000 [bus 00-ff])
[    7.072499] acpi PNP0A03:00: _OSC: OS supports [ASPM ClockPM Segments MSI]
[    7.074778] acpi PNP0A03:00: _OSC: not requesting OS control; OS requires [ExtendedConfig ASPM ClockPM MSI]
[    7.114216] acpi PNP0A03:00: fail to add MMCONFIG information, can't access extended PCI configuration space under this bridge.
[    7.204835] PCI host bridge to bus 0000:00
[    7.230405] pci_bus 0000:00: root bus resource [io  0x0000-0x0cf7 window]
[    7.231640] pci_bus 0000:00: root bus resource [io  0x0d00-0xffff window]
[    7.234792] pci_bus 0000:00: root bus resource [mem 0x000a0000-0x000bffff window]
[    7.238729] pci_bus 0000:00: root bus resource [mem 0x40000000-0xffdfffff window]
[    7.240953] pci_bus 0000:00: root bus resource [bus 00-ff]
[    7.244207] pci 0000:00:01.1: legacy IDE quirk: reg 0x10: [io  0x01f0-0x01f7]
[    7.246621] pci 0000:00:01.1: legacy IDE quirk: reg 0x14: [io  0x03f6]
[    7.260677] pci 0000:00:01.1: legacy IDE quirk: reg 0x18: [io  0x0170-0x0177]
[    7.387998] pci 0000:00:01.1: legacy IDE quirk: reg 0x1c: [io  0x0376]
[    7.508564] pci 0000:00:07.0: quirk: [io  0x4000-0x403f] claimed by PIIX4 ACPI
[    7.547181] pci 0000:00:07.0: quirk: [io  0x4100-0x410f] claimed by PIIX4 SMB
[    7.571101] ACPI: PCI Interrupt Link [LNKA] (IRQs 5 9 10 *11)
[    7.647672] ACPI: PCI Interrupt Link [LNKB] (IRQs 5 9 10 *11)
[    7.698003] ACPI: PCI Interrupt Link [LNKC] (IRQs 5 9 *10 11)
[    7.740693] ACPI: PCI Interrupt Link [LNKD] (IRQs 5 *9 10 11)
[    7.749661] ACPI: Enabled 2 GPEs in block 00 to 07
[    7.761433] vgaarb: setting as boot device: PCI:0000:00:02.0
[    7.771807] vgaarb: device added: PCI:0000:00:02.0,decodes=io+mem,owns=io+mem,locks=none
[    7.773542] vgaarb: loaded
[    7.789101] vgaarb: bridge control possible 0000:00:02.0
[    7.881740] SCSI subsystem initialized
[    7.982685] ACPI: bus type USB registered
[    8.041532] usbcore: registered new interface driver usbfs
[    8.152595] usbcore: registered new interface driver hub
[    8.207575] usbcore: registered new device driver usb
[    8.244072] PCI: Using ACPI for IRQ routing
[    8.245995] NetLabel: Initializing
[    8.247238] NetLabel:  domain hash size = 128
[    8.248519] NetLabel:  protocols = UNLABELED CIPSOv4
[    8.249954] NetLabel:  unlabeled traffic allowed by default
[    8.251696] amd_nb: Cannot enumerate AMD northbridges
[    8.253117] clocksource: Switched to clocksource kvm-clock
[    8.265657] AppArmor: AppArmor Filesystem Enabled
[    8.393612] pnp: PnP ACPI init
[    8.463313] pnp: PnP ACPI: found 3 devices
[    8.548767] clocksource: acpi_pm: mask: 0xffffff max_cycles: 0xffffff, max_idle_ns: 2085701024 ns
[    8.763372] NET: Registered protocol family 2
[    8.872519] TCP established hash table entries: 8192 (order: 4, 65536 bytes)
[    8.907355] TCP bind hash table entries: 8192 (order: 5, 131072 bytes)
[    8.981176] TCP: Hash tables configured (established 8192 bind 8192)
[    8.982810] UDP hash table entries: 512 (order: 2, 16384 bytes)
[    9.003017] UDP-Lite hash table entries: 512 (order: 2, 16384 bytes)
[    9.061583] NET: Registered protocol family 1
[    9.077870] pci 0000:00:00.0: Limiting direct PCI/PCI transfers
[    9.079520] pci 0000:00:01.0: Activating ISA DMA hang workarounds
[    9.081541] Unpacking initramfs...
[    9.381108] Freeing initrd memory: 15356K
[    9.470057] platform rtc_cmos: registered platform RTC device (no PNP device found)
[    9.579223] Scanning for low memory corruption every 60 seconds
[    9.652309] audit: initializing netlink subsys (disabled)
[    9.675050] audit: type=2000 audit(1532914967.990:1): initialized
[    9.707828] Initialise system trusted keyring
[    9.731179] HugeTLB registered 2 MB page size, pre-allocated 0 pages
[    9.860542] zbud: loaded
[    9.913489] VFS: Disk quotas dquot_6.6.0
[    9.998112] VFS: Dquot-cache hash table entries: 512 (order 0, 4096 bytes)
[   10.075031] squashfs: version 4.0 (2009/01/31) Phillip Lougher
[   10.114626] fuse init (API version 7.23)
[   10.159869] Key type big_key registered
[   10.197548] Allocating IMA MOK and blacklist keyrings.
[   10.265230] Key type asymmetric registered
[   10.267171] Asymmetric key parser 'x509' registered
[   10.268878] Block layer SCSI generic (bsg) driver version 0.4 loaded (major 249)
[   10.271153] io scheduler noop registered
[   10.328820] io scheduler deadline registered (default)
[   10.373078] io scheduler cfq registered
[   10.437583] pci_hotplug: PCI Hot Plug PCI Core version: 0.5
[   10.470072] tsc: Refined TSC clocksource calibration: 2401.965 MHz
[   10.470074] clocksource: tsc: mask: 0xffffffffffffffff max_cycles: 0x229f77c5858, max_idle_ns: 440795289004 ns
[   10.734720] pciehp: PCI Express Hot Plug Controller Driver version: 0.4
[   10.746486] ACPI: AC Adapter [AC] (off-line)
[   10.761084] input: Power Button as /devices/LNXSYSTM:00/LNXPWRBN:00/input/input0
[   10.770843] ACPI: Power Button [PWRF]
[   10.807665] input: Sleep Button as /devices/LNXSYSTM:00/LNXSLPBN:00/input/input1
[   10.816230] ACPI: Sleep Button [SLPF]
[   10.820402] ACPI: Battery Slot [BAT0] (battery present)
[   10.869533] GHES: HEST is not enabled!
[   10.944299] Serial: 8250/16550 driver, 32 ports, IRQ sharing enabled
[   11.110928] 00:02: ttyS0 at I/O 0x3f8 (irq = 4, base_baud = 115200) is a 16550A
[   11.168047] Linux agpgart interface v0.103
[   11.277340] loop: module loaded
[   11.327190] scsi host0: ata_piix
[   11.367771] scsi host1: ata_piix
[   11.418361] ata1: PATA max UDMA/33 cmd 0x1f0 ctl 0x3f6 bmdma 0xd000 irq 14
[   11.554012] ata2: PATA max UDMA/33 cmd 0x170 ctl 0x376 bmdma 0xd008 irq 15
[   11.714222] libphy: Fixed MDIO Bus: probed
[   11.756268] tun: Universal TUN/TAP device driver, 1.6
[   11.818650] tun: (C) 1999-2004 Max Krasnyansky <maxk@qualcomm.com>
[   11.831303] PPP generic driver version 2.4.2
[   11.832753] ehci_hcd: USB 2.0 'Enhanced' Host Controller (EHCI) Driver
[   11.834757] ehci-pci: EHCI PCI platform driver
[   11.836119] ehci-platform: EHCI generic platform driver
[   11.837759] ohci_hcd: USB 1.1 'Open' Host Controller (OHCI) Driver
[   11.839582] ohci-pci: OHCI PCI platform driver
[   11.840963] ohci-platform: OHCI generic platform driver
[   11.905588] uhci_hcd: USB Universal Host Controller Interface driver
[   11.995658] i8042: PNP: PS/2 Controller [PNP0303:PS2K,PNP0f03:PS2M] at 0x60,0x64 irq 1,12
[   12.102540] serio: i8042 KBD port at 0x60,0x64 irq 1
[   12.150366] serio: i8042 AUX port at 0x60,0x64 irq 12
[   12.152041] mousedev: PS/2 mouse device common for all mice
[   12.177554] input: AT Translated Set 2 keyboard as /devices/platform/i8042/serio0/input/input2
[   12.193786] rtc_cmos rtc_cmos: rtc core: registered rtc_cmos as rtc0
[   12.193853] rtc_cmos rtc_cmos: alarms up to one day, 114 bytes nvram
[   12.193868] i2c /dev entries driver
[   12.193942] device-mapper: uevent: version 1.0.3
[   12.194016] device-mapper: ioctl: 4.34.0-ioctl (2015-10-28) initialised: dm-devel@redhat.com
[   12.194035] ledtrig-cpu: registered to indicate activity on CPUs
[   12.198837] NET: Registered protocol family 10
[   12.199012] NET: Registered protocol family 17
[   12.199023] Key type dns_resolver registered
[   12.199264] registered taskstats version 1
[   12.199284] Loading compiled-in X.509 certificates
[   12.199942] Loaded X.509 cert 'Build time autogenerated kernel key: b3e0fe4bcd6378c38a2c0a4648abbc1fa5043a22'
[   12.199969] zswap: loaded using pool lzo/zbud
[   12.202216] Key type trusted registered
[   12.205968] Key type encrypted registered
[   12.205976] AppArmor: AppArmor sha1 policy hashing enabled
[   12.205980] ima: No TPM chip found, activating TPM-bypass!
[   12.205986] ima: Allocated hash algorithm: sha1
[   12.206002] evm: HMAC attrs: 0x1
[   12.206247]   Magic number: 10:49:712
[   12.234074] rtc_cmos rtc_cmos: setting system clock to 2018-07-30 01:42:52 UTC (1532914972)
[   12.234212] BIOS EDD facility v0.16 2004-Jun-25, 0 devices found
[   12.234212] EDD information not available.
[   13.236931] Freeing unused kernel memory: 1516K
[   13.257665] Write protecting the kernel read-only data: 14336k
[   13.271021] Freeing unused kernel memory: 1680K
[   13.299424] Freeing unused kernel memory: 96K
Loading, please [   13.322363] random: systemd-udevd: uninitialized urandom read (16 bytes read, 7 bits of entropy available)
wait...
startin[   13.323105] random: udevadm: uninitialized urandom read (16 bytes read, 7 bits of entropy available)
g version 229
[   13.323128] random: udevadm: uninitialized urandom read (16 bytes read, 7 bits of entropy available)
[   13.336302] random: udevadm: uninitialized urandom read (16 bytes read, 7 bits of entropy available)
[   13.336361] random: udevadm: uninitialized urandom read (16 bytes read, 7 bits of entropy available)
[   13.336593] random: udevadm: uninitialized urandom read (16 bytes read, 7 bits of entropy available)
[   13.336668] random: udevadm: uninitialized urandom read (16 bytes read, 7 bits of entropy available)
[   13.336739] random: udevadm: uninitialized urandom read (16 bytes read, 7 bits of entropy available)
[   13.336811] random: udevadm: uninitialized urandom read (16 bytes read, 7 bits of entropy available)
[   13.336882] random: udevadm: uninitialized urandom read (16 bytes read, 7 bits of entropy available)
[   14.582961] e1000: Intel(R) PRO/1000 Network Driver - version 7.3.21-k8-NAPI
[   14.606751] e1000: Copyright (c) 1999-2006 Intel Corporation.
[   14.679041] Fusion MPT base driver 3.04.20
[   14.699121] Copyright (c) 1999-2008 LSI Corporation
[   14.713958] Fusion MPT SPI Host driver 3.04.20
[   14.737992] AVX version of gcm_enc/dec engaged.
[   14.751016] AES CTR mode by8 optimization enabled
[   14.964055] input: ImExPS/2 Generic Explorer Mouse as /devices/platform/i8042/serio1/input/input4
[   15.073672] e1000 0000:00:03.0 eth0: (PCI:33MHz:32-bit) 02:b0:72:86:cc:22
[   15.073677] e1000 0000:00:03.0 eth0: Intel(R) PRO/1000 Network Connection
[   15.083207] e1000 0000:00:03.0 enp0s3: renamed from eth0
[   15.083982] mptbase: ioc0: Initiating bringup
[   15.145663] ioc0: LSI53C1030 A0: Capabilities={Initiator}
[   15.306823] scsi host2: ioc0: LSI53C1030 A0, FwRev=00000000h, Ports=1, MaxQ=256, IRQ=20
[   15.434567] scsi 2:0:0:0: Direct-Access     VBOX     HARDDISK         1.0  PQ: 0 ANSI: 5
[   15.434572] scsi target2:0:0: Beginning Domain Validation
[   15.435358] scsi target2:0:0: Domain Validation skipping write tests
[   15.435359] scsi target2:0:0: Ending Domain Validation
[   15.435400] scsi target2:0:0: asynchronous
[   15.435707] scsi 2:0:1:0: Direct-Access     VBOX     HARDDISK         1.0  PQ: 0 ANSI: 5
[   15.435711] scsi target2:0:1: Beginning Domain Validation
[   15.436587] scsi target2:0:1: Domain Validation skipping write tests
[   15.436588] scsi target2:0:1: Ending Domain Validation
[   15.436628] scsi target2:0:1: asynchronous
[   15.446291] sd 2:0:0:0: Attached scsi generic sg0 type 0
[   15.446878] sd 2:0:1:0: Attached scsi generic sg1 type 0
[   15.447185] sd 2:0:0:0: [sda] 20971520 512-byte logical blocks: (10.7 GB/10.0 GiB)
[   15.447308] sd 2:0:0:0: [sda] Write Protect is off
[   15.447408] sd 2:0:0:0: [sda] Incomplete mode parameter data
[   15.447409] sd 2:0:0:0: [sda] Assuming drive cache: write through
[   15.448490]  sda: sda1
[   15.449224] sd 2:0:0:0: [sda] Attached SCSI disk
[   15.449319] sd 2:0:1:0: [sdb] 20480 512-byte logical blocks: (10.5 MB/10.0 MiB)
[   15.449437] sd 2:0:1:0: [sdb] Write Protect is off
[   15.449518] sd 2:0:1:0: [sdb] Incomplete mode parameter data
[   15.449519] sd 2:0:1:0: [sdb] Assuming drive cache: write through
[   15.451833] sd 2:0:1:0: [sdb] Attached SCSI disk
Begin: Loading e[   17.826560] md: linear personality registered for level -1
ssential drivers[   17.940775] md: multipath personality registered for level -4
 ... [   18.066632] md: raid0 personality registered for level 0
[   18.119718] md: raid1 personality registered for level 1
[   18.225407] raid6: sse2x1   gen()  7291 MB/s
[   18.357428] raid6: sse2x1   xor()  4422 MB/s
[   18.441427] raid6: sse2x2   gen()  8446 MB/s
[   18.565469] raid6: sse2x2   xor()  4418 MB/s
[   18.633435] raid6: sse2x4   gen()  9814 MB/s
[   18.785430] raid6: sse2x4   xor()  6703 MB/s
[   18.855043] raid6: using algorithm sse2x4 gen() 9814 MB/s
[   18.925406] raid6: .... xor() 6703 MB/s, rmw enabled
[   19.051436] raid6: using ssse3x2 recovery algorithm
[   19.175931] xor: automatically using best checksumming function:
[   19.249409]    avx       : 17357.000 MB/sec
[   19.310706] async_tx: api initialized (async)
[   19.381618] md: raid6 personality registered for level 6
[   19.479616] md: raid5 personality registered for level 5
[   19.567410] md: raid4 personality registered for level 4
[   19.604611] md: raid10 personality registered for level 10
done.
Begin: Running /scripts/init-premount ... done.[   19.683541] Btrfs loaded

Begin: Mounting root file system ... Begin: Running /scripts/local-top ... done.
Begin: Running /scripts/local-premount ... Scanning for Btrfs filesystems
done.
Warning: fsck no[   19.773308] EXT4-fs (sda1): INFO: recovery required on readonly filesystem
t present, so skipping root file[   19.855450] EXT4-fs (sda1): write access will be enabled during recovery
 system
[   20.087682] EXT4-fs (sda1): recovery complete
[   20.101025] EXT4-fs (sda1): mounted filesystem with ordered data mode. Opts: (null)
done.
Begin: Running /scripts/local-bottom ... done.
Begin: Running /scripts/init-bottom ... done.
[   20.367310] systemd[1]: systemd 229 running in system mode. (+PAM +AUDIT +SELINUX +IMA +APPARMOR +SMACK +SYSVINIT +UTMP +LIBCRYPTSETUP +GCRYPT +GNUTLS +ACL +XZ -LZ4 +SECCOMP +BLKID +ELFUTILS +KMOD -IDN)
[   20.397954] systemd[1]: Detected virtualization oracle.
[   20.400977] systemd[1]: Detected architecture x86-64.

Welcome to [1mUbuntu 16.04.4 LTS[0m!

[   20.407742] systemd[1]: Set hostname to <ubuntu-xenial>.
[   20.643689] random: nonblocking pool is initialized
[   20.675630] systemd[1]: Listening on LVM2 poll daemon socket.
[[0;32m  OK  [0m] Listening on LVM2 poll daemon socket.
[   20.728282] systemd[1]: Created slice System Slice.
[[0;32m  OK  [0m] Created slice System Slice.
[   20.734536] systemd[1]: Listening on /dev/initctl Compatibility Named Pipe.
[[0;32m  OK  [0m] Listening on /dev/initctl Compatibility Named Pipe.
[   20.793463] systemd[1]: Listening on Syslog Socket.
[[0;32m  OK  [0m] Listening on Syslog Socket.
[   20.882430] systemd[1]: Started Trigger resolvconf update for networkd DNS.
[[0;32m  OK  [0m] Started Trigger resolvconf update for networkd DNS.
[   21.096550] systemd[1]: Created slice User and Session Slice.
[[0;32m  OK  [0m] Created slice User and Session Slice.
[   21.226206] systemd[1]: Reached target Slices.
[[0;32m  OK  [0m] Reached target Slices.
[   21.318233] systemd[1]: Reached target User and Group Name Lookups.
[[0;32m  OK  [0m] Reached target User and Group Name Lookups.
[   21.406343] systemd[1]: Listening on Device-mapper event daemon FIFOs.
[[0;32m  OK  [0m] Listening on Device-mapper event daemon FIFOs.
[   21.415292] systemd[1]: Reached target Swap.
[[0;32m  OK  [0m] Reached target Swap.
[   21.418075] systemd[1]: Listening on udev Control Socket.
[[0;32m  OK  [0m] Listening on udev Control Socket.
[   21.421228] systemd[1]: Reached target System Time Synchronized.
[[0;32m  OK  [0m] Reached target System Time Synchronized.
[   21.491304] systemd[1]: Listening on Journal Socket (/dev/log).
[[0;32m  OK  [0m] Listening on Journal Socket (/dev/log).
[   21.672260] systemd[1]: Created slice system-serial\x2dgetty.slice.
[[0;32m  OK  [0m] Created slice system-serial\x2dgetty.slice.
[   21.814008] systemd[1]: Started Forward Password Requests to Wall Directory Watch.
[[0;32m  OK  [0m] Started Forward Password Requests to Wall Directory Watch.
[   21.966606] systemd[1]: Set up automount Arbitrary Executable File Formats File System Automount Point.
[[0;32m  OK  [0m] Set up automount Arbitrary Executab...ats File System Automount Point.
[   22.158533] systemd[1]: Reached target Encrypted Volumes.
[[0;32m  OK  [0m] Reached target Encrypted Volumes.
[   22.314556] systemd[1]: Listening on Journal Socket.
[[0;32m  OK  [0m] Listening on Journal Socket.
[   22.398366] systemd[1]: Starting Create list of required static device nodes for the current kernel...
         Starting Create list of required st... nodes for the current kernel...
[   22.456286] systemd[1]: Starting Uncomplicated firewall...
         Starting Uncomplicated firewall...
[   22.634060] systemd[1]: Starting Nameserver information manager...
         Starting Nameserver information manager...
[   22.740002] systemd[1]: Mounting Huge Pages File System...
         Mounting Huge Pages File System...
[   22.870341] systemd[1]: Mounting Debug File System...
         Mounting Debug File System...
[   22.913116] systemd[1]: Starting Load Kernel Modules...
         Startin[   23.011777] Loading iSCSI transport class v2.0-870.
g Load Kernel Modules...
[   23.087033] systemd[1]: Mounting POSIX Message Queue File System...
         Mounting POSIX M[   23.121738] iscsi: registered transport (tcp)
essage Queue File System...
[   23.209510] systemd[1]: Listening on Journal Audit Socket.
[[0;32m  OK  [0[   23.332752] iscsi: registered transport (iser)
m] Listening on Journal Audit Socket.
[   23.442374] systemd[1]: Starting Journal Service...
         Starting Journal Service...
[   23.458492] systemd[1]: Listening on LVM2 metadata daemon socket.
[[0;32m  OK  [0m] Listening on LVM2 metadata daemon socket.
[   23.474117] systemd[1]: Starting Monitoring of LVM2 mirrors, snapshots etc. using dmeventd or progress polling...
         Starting Monitoring of LVM2 mirrors... dmeventd or progress polling...
[   23.542145] systemd[1]: Starting Remount Root and Kernel File Systems...
         Starting Remount Root and Kernel File Systems...
[   23.555087] systemd[1]: Listening on udev Kernel Socket.
[[0;32m  OK  [[   23.560235] EXT4-fs (sda1): re-mounted. Opts: (null)
0m] Listening on udev Kernel Socket.
[   23.597620] systemd[1]: Starting Set console keymap...
         Starting Set console keymap...
[   23.807075] systemd[1]: Mounted Debug File System.
[[0;32m  OK  [0m] Mounted Debug File System.
[   23.881911] systemd[1]: Mounted POSIX Message Queue File System.
[[0;32m  OK  [0m] Mounted POSIX Message Queue File System.
[   23.969601] systemd[1]: Mounted Huge Pages File System.
[[0;32m  OK  [0m] Mounted Huge Pages File System.
[   24.050099] systemd[1]: Started Journal Service.
[[0;32m  OK  [0m] Started Journal Service.
[[0;32m  OK  [0m] Started Create list of required sta...ce nodes for the current kernel.
[[0;32m  OK  [0m] Started Uncomplicated firewall.
[[0;32m  OK  [0m] Started Load Kernel Modules.
[[0;32m  OK  [0m] Started Remount Root and Kernel File Systems.
[[0;32m  OK  [0m] Started Set console keymap.
[[0;32m  OK  [0m] Started Nameserver information manager.
[[0;32m  OK  [0m] Started LVM2 metadata daemon.
         Starting udev Coldplug all Devices...
         Starting Load/Save Random Seed...
         Mounting FUSE Control File System...
         Starting Apply Kernel Variables...
         Starting Create Static Device Nodes in /dev...
         Starting Flush Journal to Persistent Storage...
[[0;32m  OK  [0m] Mounted FUSE Control File System.
[[0;32m  OK  [0m] Started Monitoring of LVM2 mirrors,...ng dmeventd or progress polling.
[[0;32m  OK  [0m] Started Load/Save Random Seed.
[[0;32m  OK  [0m] Started Apply Kernel Variables.
[[0;32m  OK  [0m] Started Create Static Device Nodes in /dev.
[[0;32m  OK  [0m] Started udev Coldplug all Devices.
[[0;32m  OK  [0m] Started Flush Journal to Persistent Storage.
         Starting udev Kernel Device Manager...
[[0;32m  OK  [0m] Started udev Kernel Device Manager.
[[0;32m  OK  [0m] Started Dispatch Password Requests to Console Directory Watch.
[[0;32m  OK  [0m] Reached target Local File Systems (Pre).
[[0;32m  OK  [0m] Reached target Local File Systems.
         Starting Set console font and keymap...
         Starting Create Volatile Files and Directories...
         Starting Initial cloud-init job (pre-networking)...
         Starting LSB: AppArmor initialization...
         Starting Tell Plymouth To Write Out Runtime Data...
[[0;32m  OK  [0m] Started Create Volatile Files and Directories.
[[0;32m  OK  [0m] Started Tell Plymouth To Write Out Runtime Data.
[[0;32m  OK  [0m] Found device /dev/ttyS0.
[[0;32m  OK  [0m] Listening on Load/Save RF Kill Switch Status /dev/rfkill Watch.
[   19.542415] cloud-init[559]: Cloud-init v. 18.2 running 'init-local' at Mon, 30 Jul 2018 01:43:07 +0000. Up 19.14 seconds.
         Starting Update UTMP about System Boot/Shutdown...
[[0;32m  OK  [0m] Started Set console font and keymap.
[[0;32m  OK  [0m] Started LSB: AppArmor initialization.
[[0;32m  OK  [0m] Started Initial cloud-init job (pre-networking).
[[0;32m  OK  [0m] Started Update UTMP about System Boot/Shutdown.
[[0;32m  OK  [0m] Reached target Network (Pre).
[[0;32m  OK  [0m] Started ifup for enp0s3.
         Starting Raise network interfaces...
[[0;32m  OK  [0m] Created slice system-getty.slice.
[[0;32m  OK  [0m] Started Raise network interfaces.
         Starting Initial cloud-init job (metadata service crawler)...
[[0;32m  OK  [0m] Reached target Network.
[   21.234978] cloud-init[990]: Cloud-init v. 18.2 running 'init' at Mon, 30 Jul 2018 01:43:08 +0000. Up 20.85 seconds.
[   21.255717] cloud-init[990]: ci-info: +++++++++++++++++++++++++++++++++++++Net device info++++++++++++++++++++++++++++++++++++++
[   21.259396] cloud-init[990]: ci-info: +--------+------+----------------------------+---------------+-------+-------------------+
[   21.262681] cloud-init[990]: ci-info: | Device |  Up  |          Address           |      Mask     | Scope |     Hw-Address    |
[   21.266027] cloud-init[990]: ci-info: +--------+------+----------------------------+---------------+-------+-------------------+
[   21.269335] cloud-init[990]: ci-info: | enp0s3 | True |         10.0.2.15          | 255.255.255.0 |   .   | 02:b0:72:86:cc:22 |
[   21.272596] cloud-init[990]: ci-info: | enp0s3 | True | fe80::b0:72ff:fe86:cc22/64 |       .       |  link | 02:b0:72:86:cc:22 |
[   21.275961] cloud-init[990]: ci-info: |   lo   | True |         127.0.0.1          |   255.0.0.0   |   .   |         .         |
[   21.279320] cloud-init[990]: ci-info: |   lo   | True |          ::1/128           |       .       |  host |         .         |
[   21.282652] cloud-init[990]: ci-info: +--------+------+----------------------------+---------------+-------+-------------------+[[0;32m  OK  [0m] Started Initial cloud-init job (metadata service crawler).
[[0;32m  OK  [0m] Reached target Network is Online.

         Starting iSCSI initiator daemon (iscsid)...
[[   21.492751] cloud-init[990]: ci-info: +++++++++++++++++++++++++++Route IPv4 info++++++++++++++++++++++++++++
[0;32m  OK  [0m] Reached target Cloud-config availability.
[   21.543629] cloud-init[990]: ci-info: +-------+-------------+----------+---------------+-----------+-------+
[   21.650088] cloud-init[990]: ci-info: | Route | Destination | Gateway  |    Genmask    | Interface | Flags |
[   21.651146] cloud-init[990]: ci-info: +-------+-------------+----------+---------------+-----------+-------+
[   21.655026] cloud-init[990]: ci-info: |   0   |   0.0.0.0   | 10.0.2.2 |    0.0.0.0    |   enp0s3  |   UG  |
[[0;32m  OK  [0m] Reached target System Initialization.
         Starting Socket activation for snappy daemon.
[   21.658399] cloud-init[990]: ci-info: |   1   |   10.0.2.0  | 0.0.0.0  | 255.255.255.0 |   enp0s3  |   U   |
[   22.003467] cloud-init[990]: ci-info: +-------+-------------+----------+---------------+-----------+-------+
[[0;32m  OK  [0m] Started Daily apt download activities.
[[0;32m  OK  [0m] Listening on D-Bus System Message Bus Socket.
[[0;32m  OK  [0m] Started Daily Cleanup of Temporary Directories.
[[0;32m  OK  [0m] Listening on UUID daemon activation socket.
[[0;32m  OK  [0m] Listening on ACPID Listen Socket.
[[0;32m  OK  [0m] Started ACPI Events Check.
[[0;32m  OK  [0m] Reached target Paths.
         Starting LXD - unix socket.
[[0;32m  OK  [0m] Started Daily apt upgrade and clean activities.
[[0;32m  OK  [0m] Reached target Timers.
[[0;32m  OK  [0m] Listening on Socket activation for snappy daemon.
[[0;32m  OK  [0m] Listening on LXD - unix socket.
[[0;32m  OK  [0m] Started iSCSI initiator daemon (iscsid).
         Starting Login to default iSCSI targets...
[[0;32m  OK  [0m] Reached target Sockets.
[[0;32m  OK  [0m] Reached target Basic System.
[[0;32m  OK  [0m] Started FUSE filesystem for LXC.
         Starting Virtualbox guest utils...
         Starting /etc/rc.local Compatibility...
[[0;32m  OK  [0m] Started Deferred execution scheduler.
         Starting Apply the settings specified in cloud-config...
[[0;32m  OK  [0m] Started D-Bus System Message Bus.
         Starting LSB: MD monitoring daemon...
         Starting Accounts Service...
         Starting Snappy daemon...
         Starting LSB: Record successful boot for GRUB...
[[0;32m  OK  [0m] Started ACPI event daemon.
[[0;32m  OK  [0m] Started Unattended Upgrades Shutdown.
[[0;32m  OK  [0m] Started Regular background program processing daemon.
         Starting Login Service...
         Starting System Logging Service...
         Starting LXD - container startup/shutdown...
         Starting OpenBSD Secure Shell server...
[[0;32m  OK  [0m] Started Snappy daemon.
[[0;32m  OK  [0m] Started /etc/rc.local Compatibility.
[[0;32m  OK  [0m] Started Login to default iSCSI targets.
[[0;32m  OK  [0m] Started System Logging Service.
[[0;32m  OK  [0m] Started OpenBSD Secure Shell server.
[[0;32m  OK  [0m] Started Virtualbox guest utils.
[[0;32m  OK  [0m] Started LXD - container startup/shutdown.
[   23.402587] cloud-init[1066]: Cloud-init v. 18.2 running 'modules:config' at Mon, 30 Jul 2018 01:43:11 +0000. Up 23.18 seconds.
[[0;32m  OK  [0m] Started Apply the settings specified in cloud-config.
[[0;32m  OK  [0m] Started LSB: MD monitoring daemon.
[[0;32m  OK  [0m] Started LSB: Record successful boot for GRUB.
         Starting Authenticate and Authorize Users to Run Privileged Tasks...
[[0;32m  OK  [0m] Reached target Remote File Systems (Pre).
[[0;32m  OK  [0m] Reached target Remote File Systems.
         Starting LSB: automatic crash report generation...
         Starting Permit User Sessions...
         Starting LSB: daemon to balance interrupts for SMP systems...
         Starting LSB: Set the CPU Frequency Scaling governor to "ondemand"...
         Starting Wait until snapd is fully seeded...
[[0;32m  OK  [0m] Started Permit User Sessions.
[[0;32m  OK  [0m] Started Login Service.
[[0;32m  OK  [0m] Started Authenticate and Authorize Users to Run Privileged Tasks.
[[0;32m  OK  [0m] Started Accounts Service.
[[0;32m  OK  [0m] Started Wait until snapd is fully seeded.
[[0;32m  OK  [0m] Started LSB: automatic crash report generation.
         Starting Hold until boot process finishes up...
         Starting Terminate Plymouth Boot Screen...
[[0;32m  OK  [0m] Started LSB: daemon to balance interrupts for SMP systems.
[[0;32m  OK  [0m] Started LSB: Set the CPU Frequency Scaling governor to "ondemand".
[[0;32m  OK  [0m] Started Hold until boot process finishes up.
[[0;32m  OK  [0m] Started Terminate Plymouth Boot Screen.
[[0;32m  OK  [0m] Started Getty on tty1.
         Starting Set console scheme...
[[0;32m  OK  [0m] Started Serial Getty on ttyS0.
[[0;32m  OK  [0m] Reached target Login Prompts.
[[0;32m  OK  [0m] Reached target Multi-User System.
[[0;32m  OK  [0m] Reached target Graphical Interface.
         Starting Update UTMP about System Runlevel Changes...
         Starting Execute cloud user/final scripts...
[[0;32m  OK  [0m] Started Set console scheme.
[[0;32m  OK  [0m] Started Update UTMP about System Runlevel Changes.
[   25.884696] cloud-init[1235]: Cloud-init v. 18.2 running 'modules:final' at Mon, 30 Jul 2018 01:43:13 +0000. Up 25.74 seconds.
[   25.887810] cloud-init[1235]: Cloud-init v. 18.2 finished at Mon, 30 Jul 2018 01:43:13 +0000. Datasource DataSourceNoCloud [seed=/dev/sdb][dsmode=net].  Up 25.87 seconds
[[0;32m  OK  [0m] Started Execute cloud user/final scripts.
[[0;32m  OK  [0m] Reached target Cloud-init target.

Ubuntu 16.04.4 LTS ubuntu-xenial ttyS0

ubuntu-xenial login: 